Command line:
   tb_isim_beh.exe
     -simmode  gui
     -simrunnum  0
     -socket  52083

Mon Jan 23 12:11:16 2017


 Elaboration Time: 0.203125 sec

 Current Memory Usage: 1335.72 Meg

 Total Signals          : 20
 Total Nets             : 23
 Total Signal Drivers   : 12
 Total Blocks           : 3
 Total Primitive Blocks : 2
 Total Processes        : 20
 Total Traceable Variables  : 29
 Total Scalar Nets and Variables : 129
Total Line Count : 60

 Total Simulation Time: 0.5625 sec

 Current Memory Usage: 549.265 Meg

Mon Jan 23 13:51:39 2017

